<?xml version="1.0" encoding="UTF-8"?>
<testng-results skipped="0" failed="0" ignored="0" total="1" passed="1">
  <reporter-output>
  </reporter-output>
  <suite name="Default suite" duration-ms="302072" started-at="2018-09-11T16:29:40Z" finished-at="2018-09-11T16:34:42Z">
    <groups>
    </groups>
    <test name="Default test" duration-ms="302072" started-at="2018-09-11T16:29:40Z" finished-at="2018-09-11T16:34:42Z">
      <class name="com.test.mainlinetestvismc.testcases.StartApplicationAndLogin">
        <test-method status="PASS" signature="driversetUp()[pri:0, instance:com.test.mainlinetestvismc.testcases.StartApplicationAndLogin@367ffa75]" name="driversetUp" is-config="true" duration-ms="24960" started-at="2018-09-11T16:29:40Z" finished-at="2018-09-11T16:30:05Z">
          <reporter-output>
          </reporter-output>
        </test-method> <!-- driversetUp -->
        <test-method status="PASS" signature="launchpad()[pri:0, instance:com.test.mainlinetestvismc.testcases.StartApplicationAndLogin@367ffa75]" name="launchpad" duration-ms="275533" started-at="2018-09-11T16:30:05Z" finished-at="2018-09-11T16:34:41Z">
          <reporter-output>
          </reporter-output>
        </test-method> <!-- launchpad -->
        <test-method status="PASS" signature="closeScript()[pri:0, instance:com.test.mainlinetestvismc.testcases.StartApplicationAndLogin@367ffa75]" name="closeScript" is-config="true" duration-ms="1517" started-at="2018-09-11T16:34:41Z" finished-at="2018-09-11T16:34:42Z">
          <reporter-output>
          </reporter-output>
        </test-method> <!-- closeScript -->
      </class> <!-- com.test.mainlinetestvismc.testcases.StartApplicationAndLogin -->
    </test> <!-- Default test -->
  </suite> <!-- Default suite -->
</testng-results>
