<?xml version="1.0" encoding="UTF-8"?>
<!-- Generated by org.testng.reporters.JUnitXMLReporter -->
<testsuite hostname="DESKTOP-7BIFSQS" ignored="0" name="launchpad" tests="1" failures="1" timestamp="08 Sep 2018 15:28:17 GMT" time="157.149" errors="0">
  <testcase name="launchpad" time="126.789" classname="com.test.mainlinetestvismc.pages.Launch">
    <failure type="java.lang.AssertionError" message="expected [true] but found [false]">
      <![CDATA[java.lang.AssertionError: expected [true] but found [false]
at com.test.mainlinetestvismc.pages.Launch.launchpad(Launch.java:74)
... Removed 29 stack frames]]>
    </failure>
  </testcase> <!-- launchpad -->
</testsuite> <!-- launchpad -->
